Build started 25-3-2014 14:25:51.
     1>Project "C:\Users\wouter\Desktop\Flipperkast\Project1\Project1.vcxproj" on node 2 (Build target(s)).
     1>ClCompile:
         C:\Program Files (x86)\Microsoft Visual Studio 12.0\VC\bin\CL.exe /c /ZI /nologo /W3 /WX- /sdl /Od /Oy- /D _MBCS /Gm /EHsc /RTC1 /MDd /GS /fp:precise /Zc:wchar_t /Zc:forScope /Fo"Debug\\" /Fd"Debug\vc120.pdb" /Gd /TP /analyze- /errorReport:prompt Source.cpp
         Source.cpp
     1>c:\users\wouter\desktop\flipperkast\project1\source.cpp(145): warning C4305: '-=' : truncation from 'double' to 'float'
     1>c:\users\wouter\desktop\flipperkast\project1\source.cpp(184): warning C4244: 'return' : conversion from 'const double' to 'float', possible loss of data
     1>c:\users\wouter\desktop\flipperkast\project1\source.cpp(292): warning C4305: 'argument' : truncation from 'double' to 'float'
     1>c:\users\wouter\desktop\flipperkast\project1\source.cpp(297): warning C4305: 'argument' : truncation from 'double' to 'float'
     1>c:\users\wouter\desktop\flipperkast\project1\source.cpp(302): warning C4305: 'argument' : truncation from 'double' to 'float'
     1>c:\users\wouter\desktop\flipperkast\project1\source.cpp(306): warning C4305: 'argument' : truncation from 'double' to 'float'
     1>c:\users\wouter\desktop\flipperkast\project1\source.cpp(315): warning C4305: 'argument' : truncation from 'double' to 'float'
     1>c:\users\wouter\desktop\flipperkast\project1\source.cpp(320): warning C4305: 'argument' : truncation from 'double' to 'float'
     1>c:\users\wouter\desktop\flipperkast\project1\source.cpp(325): warning C4305: 'argument' : truncation from 'double' to 'float'
     1>c:\users\wouter\desktop\flipperkast\project1\source.cpp(330): warning C4305: 'argument' : truncation from 'double' to 'float'
       Link:
         C:\Program Files (x86)\Microsoft Visual Studio 12.0\VC\bin\link.exe /ERRORREPORT:PROMPT /OUT:"C:\Users\wouter\Desktop\Flipperkast\Debug\FlipperKast.exe" /INCREMENTAL /NOLOGO kernel32.lib user32.lib gdi32.lib winspool.lib comdlg32.lib advapi32.lib shell32.lib ole32.lib oleaut32.lib uuid.lib odbc32.lib odbccp32.lib /MANIFEST /MANIFESTUAC:"level='asInvoker' uiAccess='false'" /manifest:embed /DEBUG /PDB:"C:\Users\wouter\Desktop\Flipperkast\Debug\FlipperKast.pdb" /TLBID:1 /DYNAMICBASE /NXCOMPAT /IMPLIB:"C:\Users\wouter\Desktop\Flipperkast\Debug\FlipperKast.lib" /MACHINE:X86 Debug\Source.obj
         Project1.vcxproj -> C:\Users\wouter\Desktop\Flipperkast\Debug\FlipperKast.exe
     1>Done Building Project "C:\Users\wouter\Desktop\Flipperkast\Project1\Project1.vcxproj" (Build target(s)).

Build succeeded.

Time Elapsed 00:00:02.69
